<?xml version="1.0" encoding="UTF-8"?>
<!-- Generated by org.testng.reporters.JUnitReportReporter -->
<testsuite skipped="0" hostname="PC452946" name="org.serviceNow.TestCases.TC001_CreateNewIncident" tests="1" failures="0" timestamp="2020-05-26T18:35:15 IST" time="85.842" errors="0">
  <testcase name="createNewIncident" time="85.842" classname="org.serviceNow.TestCases.TC001_CreateNewIncident"/>
</testsuite> <!-- org.serviceNow.TestCases.TC001_CreateNewIncident -->
